  Main.cpp
C:\Program Files\Microsoft Visual Studio\2022\Professional\VC\Tools\MSVC\14.32.31326\include\xtr1common(74,28): error C7525: inline variables require at least '/std:c++17'
C:\Program Files\Microsoft Visual Studio\2022\Professional\VC\Tools\MSVC\14.32.31326\include\xtr1common(76,28): error C7525: inline variables require at least '/std:c++17'
C:\Program Files\Microsoft Visual Studio\2022\Professional\VC\Tools\MSVC\14.32.31326\include\xtr1common(162,28): error C7525: inline variables require at least '/std:c++17'
C:\Program Files\Microsoft Visual Studio\2022\Professional\VC\Tools\MSVC\14.32.31326\include\xtr1common(165,28): error C7525: inline variables require at least '/std:c++17'
C:\Program Files\Microsoft Visual Studio\2022\Professional\VC\Tools\MSVC\14.32.31326\include\xtr1common(175,28): error C7525: inline variables require at least '/std:c++17'
C:\Program Files\Microsoft Visual Studio\2022\Professional\VC\Tools\MSVC\14.32.31326\include\xtr1common(186,28): error C7525: inline variables require at least '/std:c++17'
C:\Program Files\Microsoft Visual Studio\2022\Professional\VC\Tools\MSVC\14.32.31326\include\xtr1common(192,28): error C7525: inline variables require at least '/std:c++17'
C:\Program Files\Microsoft Visual Studio\2022\Professional\VC\Tools\MSVC\14.32.31326\include\cmath(574,5): warning C4984: 'if constexpr' is a C++17 language extension
C:\Program Files\Microsoft Visual Studio\2022\Professional\VC\Tools\MSVC\14.32.31326\include\cmath(576,12): warning C4984: 'if constexpr' is a C++17 language extension
C:\Program Files\Microsoft Visual Studio\2022\Professional\VC\Tools\MSVC\14.32.31326\include\cmath(586,5): warning C4984: 'if constexpr' is a C++17 language extension
C:\Program Files\Microsoft Visual Studio\2022\Professional\VC\Tools\MSVC\14.32.31326\include\cmath(588,12): warning C4984: 'if constexpr' is a C++17 language extension
C:\Program Files\Microsoft Visual Studio\2022\Professional\VC\Tools\MSVC\14.32.31326\include\xstddef(26,28): error C7525: inline variables require at least '/std:c++17'
C:\Program Files\Microsoft Visual Studio\2022\Professional\VC\Tools\MSVC\14.32.31326\include\type_traits(64,28): error C7525: inline variables require at least '/std:c++17'
C:\Program Files\Microsoft Visual Studio\2022\Professional\VC\Tools\MSVC\14.32.31326\include\type_traits(70,28): error C7525: inline variables require at least '/std:c++17'
C:\Program Files\Microsoft Visual Studio\2022\Professional\VC\Tools\MSVC\14.32.31326\include\type_traits(73,28): error C7525: inline variables require at least '/std:c++17'
C:\Program Files\Microsoft Visual Studio\2022\Professional\VC\Tools\MSVC\14.32.31326\include\type_traits(222,28): error C7525: inline variables require at least '/std:c++17'
C:\Program Files\Microsoft Visual Studio\2022\Professional\VC\Tools\MSVC\14.32.31326\include\type_traits(225,28): error C7525: inline variables require at least '/std:c++17'
C:\Program Files\Microsoft Visual Studio\2022\Professional\VC\Tools\MSVC\14.32.31326\include\type_traits(228,28): error C7525: inline variables require at least '/std:c++17'
C:\Program Files\Microsoft Visual Studio\2022\Professional\VC\Tools\MSVC\14.32.31326\include\type_traits(254,28): error C7525: inline variables require at least '/std:c++17'
C:\Program Files\Microsoft Visual Studio\2022\Professional\VC\Tools\MSVC\14.32.31326\include\type_traits(257,28): error C7525: inline variables require at least '/std:c++17'
C:\Program Files\Microsoft Visual Studio\2022\Professional\VC\Tools\MSVC\14.32.31326\include\type_traits(263,28): error C7525: inline variables require at least '/std:c++17'
C:\Program Files\Microsoft Visual Studio\2022\Professional\VC\Tools\MSVC\14.32.31326\include\type_traits(266,28): error C7525: inline variables require at least '/std:c++17'
C:\Program Files\Microsoft Visual Studio\2022\Professional\VC\Tools\MSVC\14.32.31326\include\type_traits(272,28): error C7525: inline variables require at least '/std:c++17'
C:\Program Files\Microsoft Visual Studio\2022\Professional\VC\Tools\MSVC\14.32.31326\include\type_traits(275,28): error C7525: inline variables require at least '/std:c++17'
C:\Program Files\Microsoft Visual Studio\2022\Professional\VC\Tools\MSVC\14.32.31326\include\type_traits(278,28): error C7525: inline variables require at least '/std:c++17'
C:\Program Files\Microsoft Visual Studio\2022\Professional\VC\Tools\MSVC\14.32.31326\include\type_traits(284,28): error C7525: inline variables require at least '/std:c++17'
C:\Program Files\Microsoft Visual Studio\2022\Professional\VC\Tools\MSVC\14.32.31326\include\type_traits(287,28): error C7525: inline variables require at least '/std:c++17'
C:\Program Files\Microsoft Visual Studio\2022\Professional\VC\Tools\MSVC\14.32.31326\include\type_traits(290,28): error C7525: inline variables require at least '/std:c++17'
C:\Program Files\Microsoft Visual Studio\2022\Professional\VC\Tools\MSVC\14.32.31326\include\type_traits(293,28): error C7525: inline variables require at least '/std:c++17'
C:\Program Files\Microsoft Visual Studio\2022\Professional\VC\Tools\MSVC\14.32.31326\include\type_traits(296,28): error C7525: inline variables require at least '/std:c++17'
C:\Program Files\Microsoft Visual Studio\2022\Professional\VC\Tools\MSVC\14.32.31326\include\type_traits(302,28): error C7525: inline variables require at least '/std:c++17'
C:\Program Files\Microsoft Visual Studio\2022\Professional\VC\Tools\MSVC\14.32.31326\include\type_traits(312,28): error C7525: inline variables require at least '/std:c++17'
C:\Program Files\Microsoft Visual Studio\2022\Professional\VC\Tools\MSVC\14.32.31326\include\type_traits(318,28): error C7525: inline variables require at least '/std:c++17'
C:\Program Files\Microsoft Visual Studio\2022\Professional\VC\Tools\MSVC\14.32.31326\include\type_traits(321,28): error C7525: inline variables require at least '/std:c++17'
C:\Program Files\Microsoft Visual Studio\2022\Professional\VC\Tools\MSVC\14.32.31326\include\type_traits(332,28): error C7525: inline variables require at least '/std:c++17'
C:\Program Files\Microsoft Visual Studio\2022\Professional\VC\Tools\MSVC\14.32.31326\include\type_traits(338,28): error C7525: inline variables require at least '/std:c++17'
C:\Program Files\Microsoft Visual Studio\2022\Professional\VC\Tools\MSVC\14.32.31326\include\type_traits(352,28): error C7525: inline variables require at least '/std:c++17'
C:\Program Files\Microsoft Visual Studio\2022\Professional\VC\Tools\MSVC\14.32.31326\include\type_traits(404,28): error C7525: inline variables require at least '/std:c++17'
C:\Program Files\Microsoft Visual Studio\2022\Professional\VC\Tools\MSVC\14.32.31326\include\type_traits(411,28): error C7525: inline variables require at least '/std:c++17'
C:\Program Files\Microsoft Visual Studio\2022\Professional\VC\Tools\MSVC\14.32.31326\include\type_traits(414,28): error C7525: inline variables require at least '/std:c++17'
C:\Program Files\Microsoft Visual Studio\2022\Professional\VC\Tools\MSVC\14.32.31326\include\type_traits(420,28): error C7525: inline variables require at least '/std:c++17'
C:\Program Files\Microsoft Visual Studio\2022\Professional\VC\Tools\MSVC\14.32.31326\include\type_traits(423,28): error C7525: inline variables require at least '/std:c++17'
C:\Program Files\Microsoft Visual Studio\2022\Professional\VC\Tools\MSVC\14.32.31326\include\type_traits(429,28): error C7525: inline variables require at least '/std:c++17'
C:\Program Files\Microsoft Visual Studio\2022\Professional\VC\Tools\MSVC\14.32.31326\include\type_traits(436,28): error C7525: inline variables require at least '/std:c++17'
C:\Program Files\Microsoft Visual Studio\2022\Professional\VC\Tools\MSVC\14.32.31326\include\type_traits(458,28): error C7525: inline variables require at least '/std:c++17'
C:\Program Files\Microsoft Visual Studio\2022\Professional\VC\Tools\MSVC\14.32.31326\include\type_traits(469,28): error C7525: inline variables require at least '/std:c++17'
C:\Program Files\Microsoft Visual Studio\2022\Professional\VC\Tools\MSVC\14.32.31326\include\type_traits(476,28): error C7525: inline variables require at least '/std:c++17'
C:\Program Files\Microsoft Visual Studio\2022\Professional\VC\Tools\MSVC\14.32.31326\include\type_traits(486,52): error C7525: inline variables require at least '/std:c++17'
C:\Program Files\Microsoft Visual Studio\2022\Professional\VC\Tools\MSVC\14.32.31326\include\type_traits(492,28): error C7525: inline variables require at least '/std:c++17'
C:\Program Files\Microsoft Visual Studio\2022\Professional\VC\Tools\MSVC\14.32.31326\include\type_traits(498,28): error C7525: inline variables require at least '/std:c++17'
C:\Program Files\Microsoft Visual Studio\2022\Professional\VC\Tools\MSVC\14.32.31326\include\type_traits(504,28): error C7525: inline variables require at least '/std:c++17'
C:\Program Files\Microsoft Visual Studio\2022\Professional\VC\Tools\MSVC\14.32.31326\include\type_traits(510,28): error C7525: inline variables require at least '/std:c++17'
C:\Program Files\Microsoft Visual Studio\2022\Professional\VC\Tools\MSVC\14.32.31326\include\type_traits(516,28): error C7525: inline variables require at least '/std:c++17'
C:\Program Files\Microsoft Visual Studio\2022\Professional\VC\Tools\MSVC\14.32.31326\include\type_traits(525,61): error C7525: inline variables require at least '/std:c++17'
C:\Program Files\Microsoft Visual Studio\2022\Professional\VC\Tools\MSVC\14.32.31326\include\type_traits(535,28): error C7525: inline variables require at least '/std:c++17'
C:\Program Files\Microsoft Visual Studio\2022\Professional\VC\Tools\MSVC\14.32.31326\include\type_traits(550,28): error C7525: inline variables require at least '/std:c++17'
C:\Program Files\Microsoft Visual Studio\2022\Professional\VC\Tools\MSVC\14.32.31326\include\type_traits(558,28): error C7525: inline variables require at least '/std:c++17'
C:\Program Files\Microsoft Visual Studio\2022\Professional\VC\Tools\MSVC\14.32.31326\include\type_traits(567,28): error C7525: inline variables require at least '/std:c++17'
C:\Program Files\Microsoft Visual Studio\2022\Professional\VC\Tools\MSVC\14.32.31326\include\type_traits(573,28): error C7525: inline variables require at least '/std:c++17'
C:\Program Files\Microsoft Visual Studio\2022\Professional\VC\Tools\MSVC\14.32.31326\include\type_traits(582,28): error C7525: inline variables require at least '/std:c++17'
C:\Program Files\Microsoft Visual Studio\2022\Professional\VC\Tools\MSVC\14.32.31326\include\type_traits(590,28): error C7525: inline variables require at least '/std:c++17'
C:\Program Files\Microsoft Visual Studio\2022\Professional\VC\Tools\MSVC\14.32.31326\include\type_traits(598,28): error C7525: inline variables require at least '/std:c++17'
C:\Program Files\Microsoft Visual Studio\2022\Professional\VC\Tools\MSVC\14.32.31326\include\type_traits(618,28): error C7525: inline variables require at least '/std:c++17'
C:\Program Files\Microsoft Visual Studio\2022\Professional\VC\Tools\MSVC\14.32.31326\include\type_traits(624,28): error C7525: inline variables require at least '/std:c++17'
C:\Program Files\Microsoft Visual Studio\2022\Professional\VC\Tools\MSVC\14.32.31326\include\type_traits(633,28): error C7525: inline variables require at least '/std:c++17'
C:\Program Files\Microsoft Visual Studio\2022\Professional\VC\Tools\MSVC\14.32.31326\include\type_traits(643,28): error C7525: inline variables require at least '/std:c++17'
C:\Program Files\Microsoft Visual Studio\2022\Professional\VC\Tools\MSVC\14.32.31326\include\type_traits(659,28): error C7525: inline variables require at least '/std:c++17'
C:\Program Files\Microsoft Visual Studio\2022\Professional\VC\Tools\MSVC\14.32.31326\include\type_traits(667,28): error C7525: inline variables require at least '/std:c++17'
C:\Program Files\Microsoft Visual Studio\2022\Professional\VC\Tools\MSVC\14.32.31326\include\type_traits(683,28): error C7525: inline variables require at least '/std:c++17'
C:\Program Files\Microsoft Visual Studio\2022\Professional\VC\Tools\MSVC\14.32.31326\include\type_traits(691,28): error C7525: inline variables require at least '/std:c++17'
C:\Program Files\Microsoft Visual Studio\2022\Professional\VC\Tools\MSVC\14.32.31326\include\type_traits(700,28): error C7525: inline variables require at least '/std:c++17'
C:\Program Files\Microsoft Visual Studio\2022\Professional\VC\Tools\MSVC\14.32.31326\include\type_traits(709,28): error C7525: inline variables require at least '/std:c++17'
C:\Program Files\Microsoft Visual Studio\2022\Professional\VC\Tools\MSVC\14.32.31326\include\type_traits(717,28): error C7525: inline variables require at least '/std:c++17'
C:\Program Files\Microsoft Visual Studio\2022\Professional\VC\Tools\MSVC\14.32.31326\include\type_traits(725,28): error C7525: inline variables require at least '/std:c++17'
C:\Program Files\Microsoft Visual Studio\2022\Professional\VC\Tools\MSVC\14.32.31326\include\type_traits(734,28): error C7525: inline variables require at least '/std:c++17'
C:\Program Files\Microsoft Visual Studio\2022\Professional\VC\Tools\MSVC\14.32.31326\include\type_traits(743,28): error C7525: inline variables require at least '/std:c++17'
C:\Program Files\Microsoft Visual Studio\2022\Professional\VC\Tools\MSVC\14.32.31326\include\type_traits(751,28): error C7525: inline variables require at least '/std:c++17'
C:\Program Files\Microsoft Visual Studio\2022\Professional\VC\Tools\MSVC\14.32.31326\include\type_traits(759,28): error C7525: inline variables require at least '/std:c++17'
C:\Program Files\Microsoft Visual Studio\2022\Professional\VC\Tools\MSVC\14.32.31326\include\type_traits(769,28): error C7525: inline variables require at least '/std:c++17'
C:\Program Files\Microsoft Visual Studio\2022\Professional\VC\Tools\MSVC\14.32.31326\include\type_traits(778,28): error C7525: inline variables require at least '/std:c++17'
C:\Program Files\Microsoft Visual Studio\2022\Professional\VC\Tools\MSVC\14.32.31326\include\type_traits(786,28): error C7525: inline variables require at least '/std:c++17'
C:\Program Files\Microsoft Visual Studio\2022\Professional\VC\Tools\MSVC\14.32.31326\include\type_traits(794,28): error C7525: inline variables require at least '/std:c++17'
C:\Program Files\Microsoft Visual Studio\2022\Professional\VC\Tools\MSVC\14.32.31326\include\type_traits(803,28): error C7525: inline variables require at least '/std:c++17'
C:\Program Files\Microsoft Visual Studio\2022\Professional\VC\Tools\MSVC\14.32.31326\include\type_traits(812,28): error C7525: inline variables require at least '/std:c++17'
C:\Program Files\Microsoft Visual Studio\2022\Professional\VC\Tools\MSVC\14.32.31326\include\type_traits(821,28): error C7525: inline variables require at least '/std:c++17'
C:\Program Files\Microsoft Visual Studio\2022\Professional\VC\Tools\MSVC\14.32.31326\include\type_traits(842,28): error C7525: inline variables require at least '/std:c++17'
C:\Program Files\Microsoft Visual Studio\2022\Professional\VC\Tools\MSVC\14.32.31326\include\type_traits(848,28): error C7525: inline variables require at least '/std:c++17'
C:\Program Files\Microsoft Visual Studio\2022\Professional\VC\Tools\MSVC\14.32.31326\include\type_traits(851,28): error C7525: inline variables require at least '/std:c++17'
C:\Program Files\Microsoft Visual Studio\2022\Professional\VC\Tools\MSVC\14.32.31326\include\type_traits(963,30): error C7525: inline variables require at least '/std:c++17'
C:\Program Files\Microsoft Visual Studio\2022\Professional\VC\Tools\MSVC\14.32.31326\include\type_traits(1074,30): error C7525: inline variables require at least '/std:c++17'
C:\Program Files\Microsoft Visual Studio\2022\Professional\VC\Tools\MSVC\14.32.31326\include\type_traits(1077,30): error C7525: inline variables require at least '/std:c++17'
C:\Program Files\Microsoft Visual Studio\2022\Professional\VC\Tools\MSVC\14.32.31326\include\type_traits(1080,30): error C7525: inline variables require at least '/std:c++17'
C:\Program Files\Microsoft Visual Studio\2022\Professional\VC\Tools\MSVC\14.32.31326\include\type_traits(1086,30): error C7525: inline variables require at least '/std:c++17'
C:\Program Files\Microsoft Visual Studio\2022\Professional\VC\Tools\MSVC\14.32.31326\include\type_traits(1089,30): error C7525: inline variables require at least '/std:c++17'
C:\Program Files\Microsoft Visual Studio\2022\Professional\VC\Tools\MSVC\14.32.31326\include\type_traits(1092,30): error C7525: inline variables require at least '/std:c++17'
C:\Program Files\Microsoft Visual Studio\2022\Professional\VC\Tools\MSVC\14.32.31326\include\type_traits(1095,30): error C7525: inline variables require at least '/std:c++17'
C:\Program Files\Microsoft Visual Studio\2022\Professional\VC\Tools\MSVC\14.32.31326\include\type_traits(1106,28): error C7525: inline variables require at least '/std:c++17'
C:\Program Files\Microsoft Visual Studio\2022\Professional\VC\Tools\MSVC\14.32.31326\include\type_traits(1332,28): error C7525: inline variables require at least '/std:c++17'
C:\Program Files\Microsoft Visual Studio\2022\Professional\VC\Tools\MSVC\14.32.31326\include\type_traits(1334,28): error C7525: inline variables require at least '/std:c++17'
C:\Program Files\Microsoft Visual Studio\2022\Professional\VC\Tools\MSVC\14.32.31326\include\type_traits(1487,5): warning C4984: 'if constexpr' is a C++17 language extension
C:\Program Files\Microsoft Visual Studio\2022\Professional\VC\Tools\MSVC\14.32.31326\include\type_traits(1489,12): warning C4984: 'if constexpr' is a C++17 language extension
C:\Program Files\Microsoft Visual Studio\2022\Professional\VC\Tools\MSVC\14.32.31326\include\type_traits(1491,12): warning C4984: 'if constexpr' is a C++17 language extension
C:\Program Files\Microsoft Visual Studio\2022\Professional\VC\Tools\MSVC\14.32.31326\include\type_traits(1493,12): warning C4984: 'if constexpr' is a C++17 language extension
C:\Program Files\Microsoft Visual Studio\2022\Professional\VC\Tools\MSVC\14.32.31326\include\type_traits(1495,12): warning C4984: 'if constexpr' is a C++17 language extension
C:\Program Files\Microsoft Visual Studio\2022\Professional\VC\Tools\MSVC\14.32.31326\include\type_traits(1497,12): warning C4984: 'if constexpr' is a C++17 language extension
C:\Program Files\Microsoft Visual Studio\2022\Professional\VC\Tools\MSVC\14.32.31326\include\type_traits(1520,28): error C7525: inline variables require at least '/std:c++17'
C:\Program Files\Microsoft Visual Studio\2022\Professional\VC\Tools\MSVC\14.32.31326\include\type_traits(1529,28): error C7525: inline variables require at least '/std:c++17'
C:\Program Files\Microsoft Visual Studio\2022\Professional\VC\Tools\MSVC\14.32.31326\include\type_traits(1532,28): error C7525: inline variables require at least '/std:c++17'
C:\Program Files\Microsoft Visual Studio\2022\Professional\VC\Tools\MSVC\14.32.31326\include\type_traits(1664,23): error C7525: inline variables require at least '/std:c++17'
C:\Program Files\Microsoft Visual Studio\2022\Professional\VC\Tools\MSVC\14.32.31326\include\type_traits(1672,23): error C7525: inline variables require at least '/std:c++17'
C:\Program Files\Microsoft Visual Studio\2022\Professional\VC\Tools\MSVC\14.32.31326\include\type_traits(1680,23): error C7525: inline variables require at least '/std:c++17'
C:\Program Files\Microsoft Visual Studio\2022\Professional\VC\Tools\MSVC\14.32.31326\include\type_traits(1680,1): fatal error C1003: error count exceeds 100; stopping compilation
